<?xml version="1.0" encoding="UTF-8"?>
<!-- Generated by org.testng.reporters.JUnitXMLReporter -->
<testsuite ignored="0" hostname="Lonovo" failures="1" tests="1" name="GC" time="7.652" errors="0" timestamp="22 Mar 2018 17:22:28 GMT">
  <testcase classname="script.ValidLogin" name="testvalidLogin" time="0.91">
    <failure type="java.lang.NullPointerException">
      <![CDATA[java.lang.NullPointerException
at org.openqa.selenium.support.pagefactory.DefaultElementLocator.findElement(DefaultElementLocator.java:69)
at org.openqa.selenium.support.pagefactory.internal.LocatingElementHandler.invoke(LocatingElementHandler.java:38)
at com.sun.proxy.$Proxy13.sendKeys(Unknown Source)
at page.Loginpage.setusername(Loginpage.java:38)
at script.ValidLogin.testvalidLogin(ValidLogin.java:26)
... Removed 25 stack frames]]>
    </failure>
  </testcase> <!-- testvalidLogin -->
</testsuite> <!-- GC -->
