<?xml version="1.0" encoding="UTF-8"?>
<!-- Generated by org.testng.reporters.JUnitXMLReporter -->
<testsuite ignored="0" hostname="Lonovo" failures="0" tests="1" name="Test" time="3.51" errors="0" timestamp="23 Mar 2018 10:22:06 GMT">
  <testcase classname="generic.BaseTest" name="@BeforeMethod openApp" time="2.834">
    <failure type="java.lang.NumberFormatException" message="For input string: &amp;quot;http://localhost/login.do&amp;quot;">
      <![CDATA[java.lang.NumberFormatException: For input string: "http://localhost/login.do"
at java.base/java.lang.NumberFormatException.forInputString(Unknown Source)
at java.base/java.lang.Long.parseLong(Unknown Source)
at java.base/java.lang.Long.parseLong(Unknown Source)
at generic.BaseTest.openApp(BaseTest.java:41)
... Removed 28 stack frames]]>
    </failure>
  </testcase> <!-- @BeforeMethod openApp -->
  <testcase classname="script.ValidLogin" name="testvalidLogin" time="0.0">
    <skipped/>
  </testcase> <!-- testvalidLogin -->
</testsuite> <!-- Test -->
